<?xml version="1.0" encoding="UTF-8"?>
<!-- Generated by org.testng.reporters.JUnitReportReporter -->
<testsuite hostname="N3" failures="0" tests="2" name="com.n3qa.lecture14.testng.a1_assertions.HardAssertTryCatchExample" time="0.002" errors="0" timestamp="2025-05-05T21:06:31 EEST" skipped="0">
  <testcase classname="com.n3qa.lecture14.testng.a1_assertions.HardAssertTryCatchExample" name="myTest" time="0.000"/>
  <testcase classname="com.n3qa.lecture14.testng.a1_assertions.HardAssertTryCatchExample" name="myTestTwo" time="0.002"/>
</testsuite> <!-- com.n3qa.lecture14.testng.a1_assertions.HardAssertTryCatchExample -->
