<?xml version="1.0" encoding="UTF-8"?>
<!-- Generated by org.testng.reporters.JUnitReportReporter -->
<testsuite hostname="N3" failures="0" tests="2" name="com.n3qa.lecture14.testng.a2_annotations.before.LoginFeature" time="0.008" errors="0" timestamp="2025-05-05T21:06:31 EEST" skipped="0">
  <testcase classname="com.n3qa.lecture14.testng.a2_annotations.before.LoginFeature" name="verifyUserCanUpdateProfileGenderInformation" time="0.004"/>
  <testcase classname="com.n3qa.lecture14.testng.a2_annotations.before.LoginFeature" name="verifyUserCanCreateANewPost" time="0.004"/>
</testsuite> <!-- com.n3qa.lecture14.testng.a2_annotations.before.LoginFeature -->
