<?xml version="1.0" encoding="UTF-8"?>
<!-- Generated by org.testng.reporters.JUnitReportReporter -->
<testsuite hostname="N3" failures="0" tests="2" name="com.n3qa.lecture14.testng.a1_assertions.AssertNotSameExample" time="0.001" errors="0" timestamp="2025-05-05T21:06:31 EEST" skipped="0">
  <testcase classname="com.n3qa.lecture14.testng.a1_assertions.AssertNotSameExample" name="verifyTheProvidedTextsAreNotTheSameMSGonFail" time="0.001"/>
  <testcase classname="com.n3qa.lecture14.testng.a1_assertions.AssertNotSameExample" name="verifyTheProvidedTextsAreNotTheSame" time="0.000"/>
</testsuite> <!-- com.n3qa.lecture14.testng.a1_assertions.AssertNotSameExample -->
