<?xml version="1.0" encoding="UTF-8"?>
<!-- Generated by org.testng.reporters.JUnitReportReporter -->
<testsuite hostname="N3" failures="0" tests="4" name="com.n3qa.lecture14.testng.a4_dependings.DependencyDemonstration" time="0.007" errors="0" timestamp="2025-05-05T21:06:31 EEST" skipped="0">
  <testcase classname="com.n3qa.lecture14.testng.a4_dependings.DependencyDemonstration" name="verifyCarEngineCanStart" time="0.002"/>
  <testcase classname="com.n3qa.lecture14.testng.a4_dependings.DependencyDemonstration" name="verifyFrontTyresDirectionControlledByCarWheelMovement" time="0.001"/>
  <testcase classname="com.n3qa.lecture14.testng.a4_dependings.DependencyDemonstration" name="verifyUserCanIncreaseSpeedLevelByGasPedal" time="0.002"/>
  <testcase classname="com.n3qa.lecture14.testng.a4_dependings.DependencyDemonstration" name="verifyUserCanDecreaseSpeedLevelByGasPedal" time="0.002"/>
</testsuite> <!-- com.n3qa.lecture14.testng.a4_dependings.DependencyDemonstration -->
