<?xml version="1.0" encoding="UTF-8"?>
<!-- Generated by org.testng.reporters.JUnitReportReporter -->
<testsuite hostname="N3" failures="0" tests="3" name="com.n3qa.lecture14.testng.a3_prio.PriorityDemonstration" time="0.002" errors="0" timestamp="2025-05-05T21:06:31 EEST" skipped="0">
  <testcase classname="com.n3qa.lecture14.testng.a3_prio.PriorityDemonstration" name="secondPriorityTestCase" time="0.001"/>
  <testcase classname="com.n3qa.lecture14.testng.a3_prio.PriorityDemonstration" name="firstPriorityTestCase" time="0.001"/>
  <testcase classname="com.n3qa.lecture14.testng.a3_prio.PriorityDemonstration" name="thirdPriorityTestCase" time="0.000"/>
</testsuite> <!-- com.n3qa.lecture14.testng.a3_prio.PriorityDemonstration -->
